<?xml version="1.0" encoding="UTF-8"?><testsuite errors="0" failures="1" name="Florida medicaid  individual" skipped="0" tests="1" time="342.3" timestamp="2025-08-19 02:28:32"><testcase name="Verify Florida Medicaid ID for Individual Enrollment"><failure message="expected:&lt;...pdated successfully.[]&gt; but was:&lt;...pdated successfully.[&quot;nfirmation message :  &quot;Medicaid Provider has been updated successfully.]&gt;" type="org.junit.ComparisonFailure">expected:&lt;...pdated successfully.[]&gt; but was:&lt;...pdated successfully.["nfirmation message :  "Medicaid Provider has been updated successfully.]&gt;</failure><system-err>expected:&lt;...pdated successfully.[]&gt; but was:&lt;...pdated successfully.["nfirmation message :  "Medicaid Provider has been updated successfully.]&gt;
com.hhstechgroup.ui.pages.IUFlowPages.FloridaMedicaidPages.verifyEditConfirmation(FloridaMedicaidPages.java:125)
com.hhstechgroup.steps.serenity.IUFlowSteps.FloridaMedicaidSteps.VerifyConfirmationMessage(FloridaMedicaidSteps.java:30)
com.hhstechgroup.steps.jbehave.scenarios.IUFlowScenarios.FloridaMedicaidScenario.verifyConfirmationMessage(FloridaMedicaidScenario.java:33)
java.base/jdk.internal.reflect.NativeMethodAccessorImpl.invoke0(Native Method)
java.base/jdk.internal.reflect.NativeMethodAccessorImpl.invoke(NativeMethodAccessorImpl.java:62)
java.base/jdk.internal.reflect.DelegatingMethodAccessorImpl.invoke(DelegatingMethodAccessorImpl.java:43)
</system-err></testcase></testsuite>