<?xml version="1.0" encoding="UTF-8"?><testsuite errors="1" failures="0" name="Alternate identifier" skipped="1" tests="3" time="492.67" timestamp="2025-08-12 12:13:55"><testcase name="Add and edit alternate identifier for Individual Enrollment"><skipped/></testcase><testcase name="Add and edit alternate identifier for Entity Enrollment"/><testcase name="Add and edit alternate identifier for TP Enrollment"><error message="Expected condition failed: waiting for visibility of element located by By.xpath: (//div[.='Alternate Identifier has been added successfully.'])[1] (tried for 80 second(s) with 50 milliseconds interval)" type="org.openqa.selenium.TimeoutException">Expected condition failed: waiting for visibility of element located by By.xpath: (//div[.='Alternate Identifier has been added successfully.'])[1] (tried for 80 second(s) with 50 milliseconds interval)</error><system-err>Expected condition failed: waiting for visibility of element located by By.xpath: (//div[.='Alternate Identifier has been added successfully.'])[1] (tried for 80 second(s) with 50 milliseconds interval)
com.hhstechgroup.ui.pages.IUFlowPages.AlternateIdentifierPages.verifyAddConfirmation(AlternateIdentifierPages.java:108)
com.hhstechgroup.steps.serenity.IUFlowSteps.AlternateIdentifierSteps.verifyAddedConfirmation(AlternateIdentifierSteps.java:21)
com.hhstechgroup.steps.jbehave.scenarios.IUFlowScenarios.AlternateIdentifierScenario.verifyAddedConfirmation(AlternateIdentifierScenario.java:24)
java.base/jdk.internal.reflect.NativeMethodAccessorImpl.invoke0(Native Method)
java.base/jdk.internal.reflect.NativeMethodAccessorImpl.invoke(NativeMethodAccessorImpl.java:62)
java.base/jdk.internal.reflect.DelegatingMethodAccessorImpl.invoke(DelegatingMethodAccessorImpl.java:43)
</system-err></testcase></testsuite>